<?xml version="1.0" encoding="UTF-8"?>
<!-- Generated by org.testng.reporters.JUnitReportReporter -->
<testsuite hostname="DESKTOP-GL4IC1U" failures="0" tests="1" name="testpack.LoginTest" time="1.135" errors="0" timestamp="2020-05-18T12:03:15 IST" skipped="0">
  <testcase classname="testpack.LoginTest" name="login" time="1.135"/>
</testsuite> <!-- testpack.LoginTest -->
